[2025-05-28T12:37:15.601+0000] {processor.py:157} INFO - Started process (PID=486) to work on /opt/airflow/dags/pipeline.py
[2025-05-28T12:37:15.602+0000] {processor.py:829} INFO - Processing file /opt/airflow/dags/pipeline.py for tasks to queue
[2025-05-28T12:37:15.603+0000] {logging_mixin.py:151} INFO - [2025-05-28T12:37:15.602+0000] {dagbag.py:539} INFO - Filling up the DagBag from /opt/airflow/dags/pipeline.py
[2025-05-28T12:37:15.620+0000] {processor.py:839} INFO - DAG(s) dict_keys(['data_lake_pipeline']) retrieved from /opt/airflow/dags/pipeline.py
[2025-05-28T12:37:15.644+0000] {logging_mixin.py:151} INFO - [2025-05-28T12:37:15.644+0000] {dag.py:2915} INFO - Sync 1 DAGs
[2025-05-28T12:37:15.656+0000] {logging_mixin.py:151} INFO - [2025-05-28T12:37:15.656+0000] {dag.py:3696} INFO - Setting next_dagrun for data_lake_pipeline to 2025-01-01T00:00:00+00:00, run_after=2025-01-02T00:00:00+00:00
[2025-05-28T12:37:15.664+0000] {processor.py:179} INFO - Processing /opt/airflow/dags/pipeline.py took 0.067 seconds
[2025-05-28T12:37:45.865+0000] {processor.py:157} INFO - Started process (PID=491) to work on /opt/airflow/dags/pipeline.py
[2025-05-28T12:37:45.866+0000] {processor.py:829} INFO - Processing file /opt/airflow/dags/pipeline.py for tasks to queue
[2025-05-28T12:37:45.868+0000] {logging_mixin.py:151} INFO - [2025-05-28T12:37:45.867+0000] {dagbag.py:539} INFO - Filling up the DagBag from /opt/airflow/dags/pipeline.py
[2025-05-28T12:37:45.894+0000] {processor.py:839} INFO - DAG(s) dict_keys(['data_lake_pipeline']) retrieved from /opt/airflow/dags/pipeline.py
[2025-05-28T12:37:45.920+0000] {logging_mixin.py:151} INFO - [2025-05-28T12:37:45.920+0000] {dag.py:2915} INFO - Sync 1 DAGs
[2025-05-28T12:37:45.929+0000] {logging_mixin.py:151} INFO - [2025-05-28T12:37:45.928+0000] {dag.py:3696} INFO - Setting next_dagrun for data_lake_pipeline to 2025-01-01T00:00:00+00:00, run_after=2025-01-02T00:00:00+00:00
[2025-05-28T12:37:45.936+0000] {processor.py:179} INFO - Processing /opt/airflow/dags/pipeline.py took 0.076 seconds
[2025-05-28T12:38:16.126+0000] {processor.py:157} INFO - Started process (PID=496) to work on /opt/airflow/dags/pipeline.py
[2025-05-28T12:38:16.127+0000] {processor.py:829} INFO - Processing file /opt/airflow/dags/pipeline.py for tasks to queue
[2025-05-28T12:38:16.128+0000] {logging_mixin.py:151} INFO - [2025-05-28T12:38:16.128+0000] {dagbag.py:539} INFO - Filling up the DagBag from /opt/airflow/dags/pipeline.py
[2025-05-28T12:38:16.153+0000] {processor.py:839} INFO - DAG(s) dict_keys(['data_lake_pipeline']) retrieved from /opt/airflow/dags/pipeline.py
[2025-05-28T12:38:16.174+0000] {logging_mixin.py:151} INFO - [2025-05-28T12:38:16.174+0000] {dag.py:2915} INFO - Sync 1 DAGs
[2025-05-28T12:38:16.189+0000] {logging_mixin.py:151} INFO - [2025-05-28T12:38:16.189+0000] {dag.py:3696} INFO - Setting next_dagrun for data_lake_pipeline to 2025-01-01T00:00:00+00:00, run_after=2025-01-02T00:00:00+00:00
[2025-05-28T12:38:16.197+0000] {processor.py:179} INFO - Processing /opt/airflow/dags/pipeline.py took 0.076 seconds
[2025-05-28T12:38:46.426+0000] {processor.py:157} INFO - Started process (PID=501) to work on /opt/airflow/dags/pipeline.py
[2025-05-28T12:38:46.426+0000] {processor.py:829} INFO - Processing file /opt/airflow/dags/pipeline.py for tasks to queue
[2025-05-28T12:38:46.427+0000] {logging_mixin.py:151} INFO - [2025-05-28T12:38:46.427+0000] {dagbag.py:539} INFO - Filling up the DagBag from /opt/airflow/dags/pipeline.py
[2025-05-28T12:38:46.435+0000] {processor.py:839} INFO - DAG(s) dict_keys(['data_lake_pipeline']) retrieved from /opt/airflow/dags/pipeline.py
[2025-05-28T12:38:46.455+0000] {logging_mixin.py:151} INFO - [2025-05-28T12:38:46.455+0000] {dag.py:2915} INFO - Sync 1 DAGs
[2025-05-28T12:38:46.468+0000] {logging_mixin.py:151} INFO - [2025-05-28T12:38:46.467+0000] {dag.py:3696} INFO - Setting next_dagrun for data_lake_pipeline to 2025-01-01T00:00:00+00:00, run_after=2025-01-02T00:00:00+00:00
[2025-05-28T12:38:46.476+0000] {processor.py:179} INFO - Processing /opt/airflow/dags/pipeline.py took 0.053 seconds
[2025-05-28T12:39:16.733+0000] {processor.py:157} INFO - Started process (PID=506) to work on /opt/airflow/dags/pipeline.py
[2025-05-28T12:39:16.734+0000] {processor.py:829} INFO - Processing file /opt/airflow/dags/pipeline.py for tasks to queue
[2025-05-28T12:39:16.735+0000] {logging_mixin.py:151} INFO - [2025-05-28T12:39:16.735+0000] {dagbag.py:539} INFO - Filling up the DagBag from /opt/airflow/dags/pipeline.py
[2025-05-28T12:39:16.757+0000] {processor.py:839} INFO - DAG(s) dict_keys(['data_lake_pipeline']) retrieved from /opt/airflow/dags/pipeline.py
[2025-05-28T12:39:16.783+0000] {logging_mixin.py:151} INFO - [2025-05-28T12:39:16.783+0000] {dag.py:2915} INFO - Sync 1 DAGs
[2025-05-28T12:39:16.795+0000] {logging_mixin.py:151} INFO - [2025-05-28T12:39:16.795+0000] {dag.py:3696} INFO - Setting next_dagrun for data_lake_pipeline to 2025-01-01T00:00:00+00:00, run_after=2025-01-02T00:00:00+00:00
[2025-05-28T12:39:16.803+0000] {processor.py:179} INFO - Processing /opt/airflow/dags/pipeline.py took 0.074 seconds
[2025-05-28T12:39:46.963+0000] {processor.py:157} INFO - Started process (PID=511) to work on /opt/airflow/dags/pipeline.py
[2025-05-28T12:39:46.964+0000] {processor.py:829} INFO - Processing file /opt/airflow/dags/pipeline.py for tasks to queue
[2025-05-28T12:39:46.964+0000] {logging_mixin.py:151} INFO - [2025-05-28T12:39:46.964+0000] {dagbag.py:539} INFO - Filling up the DagBag from /opt/airflow/dags/pipeline.py
[2025-05-28T12:39:46.976+0000] {processor.py:839} INFO - DAG(s) dict_keys(['data_lake_pipeline']) retrieved from /opt/airflow/dags/pipeline.py
[2025-05-28T12:39:47.002+0000] {logging_mixin.py:151} INFO - [2025-05-28T12:39:47.002+0000] {dag.py:2915} INFO - Sync 1 DAGs
[2025-05-28T12:39:47.015+0000] {logging_mixin.py:151} INFO - [2025-05-28T12:39:47.014+0000] {dag.py:3696} INFO - Setting next_dagrun for data_lake_pipeline to 2025-01-01T00:00:00+00:00, run_after=2025-01-02T00:00:00+00:00
[2025-05-28T12:39:47.022+0000] {processor.py:179} INFO - Processing /opt/airflow/dags/pipeline.py took 0.062 seconds
[2025-05-28T12:40:17.205+0000] {processor.py:157} INFO - Started process (PID=516) to work on /opt/airflow/dags/pipeline.py
[2025-05-28T12:40:17.206+0000] {processor.py:829} INFO - Processing file /opt/airflow/dags/pipeline.py for tasks to queue
[2025-05-28T12:40:17.206+0000] {logging_mixin.py:151} INFO - [2025-05-28T12:40:17.206+0000] {dagbag.py:539} INFO - Filling up the DagBag from /opt/airflow/dags/pipeline.py
[2025-05-28T12:40:17.217+0000] {processor.py:839} INFO - DAG(s) dict_keys(['data_lake_pipeline']) retrieved from /opt/airflow/dags/pipeline.py
[2025-05-28T12:40:17.236+0000] {logging_mixin.py:151} INFO - [2025-05-28T12:40:17.236+0000] {dag.py:2915} INFO - Sync 1 DAGs
[2025-05-28T12:40:17.247+0000] {logging_mixin.py:151} INFO - [2025-05-28T12:40:17.247+0000] {dag.py:3696} INFO - Setting next_dagrun for data_lake_pipeline to 2025-01-01T00:00:00+00:00, run_after=2025-01-02T00:00:00+00:00
[2025-05-28T12:40:17.254+0000] {processor.py:179} INFO - Processing /opt/airflow/dags/pipeline.py took 0.052 seconds
[2025-05-28T12:40:47.471+0000] {processor.py:157} INFO - Started process (PID=521) to work on /opt/airflow/dags/pipeline.py
[2025-05-28T12:40:47.472+0000] {processor.py:829} INFO - Processing file /opt/airflow/dags/pipeline.py for tasks to queue
[2025-05-28T12:40:47.473+0000] {logging_mixin.py:151} INFO - [2025-05-28T12:40:47.473+0000] {dagbag.py:539} INFO - Filling up the DagBag from /opt/airflow/dags/pipeline.py
[2025-05-28T12:40:47.488+0000] {processor.py:839} INFO - DAG(s) dict_keys(['data_lake_pipeline']) retrieved from /opt/airflow/dags/pipeline.py
[2025-05-28T12:40:47.508+0000] {logging_mixin.py:151} INFO - [2025-05-28T12:40:47.508+0000] {dag.py:2915} INFO - Sync 1 DAGs
[2025-05-28T12:40:47.519+0000] {logging_mixin.py:151} INFO - [2025-05-28T12:40:47.519+0000] {dag.py:3696} INFO - Setting next_dagrun for data_lake_pipeline to 2025-01-01T00:00:00+00:00, run_after=2025-01-02T00:00:00+00:00
[2025-05-28T12:40:47.527+0000] {processor.py:179} INFO - Processing /opt/airflow/dags/pipeline.py took 0.060 seconds
[2025-05-28T12:41:17.714+0000] {processor.py:157} INFO - Started process (PID=526) to work on /opt/airflow/dags/pipeline.py
[2025-05-28T12:41:17.715+0000] {processor.py:829} INFO - Processing file /opt/airflow/dags/pipeline.py for tasks to queue
[2025-05-28T12:41:17.717+0000] {logging_mixin.py:151} INFO - [2025-05-28T12:41:17.717+0000] {dagbag.py:539} INFO - Filling up the DagBag from /opt/airflow/dags/pipeline.py
[2025-05-28T12:41:17.727+0000] {processor.py:839} INFO - DAG(s) dict_keys(['data_lake_pipeline']) retrieved from /opt/airflow/dags/pipeline.py
[2025-05-28T12:41:17.747+0000] {logging_mixin.py:151} INFO - [2025-05-28T12:41:17.747+0000] {dag.py:2915} INFO - Sync 1 DAGs
[2025-05-28T12:41:17.761+0000] {logging_mixin.py:151} INFO - [2025-05-28T12:41:17.761+0000] {dag.py:3696} INFO - Setting next_dagrun for data_lake_pipeline to 2025-01-01T00:00:00+00:00, run_after=2025-01-02T00:00:00+00:00
[2025-05-28T12:41:17.768+0000] {processor.py:179} INFO - Processing /opt/airflow/dags/pipeline.py took 0.057 seconds
[2025-05-28T12:41:47.946+0000] {processor.py:157} INFO - Started process (PID=531) to work on /opt/airflow/dags/pipeline.py
[2025-05-28T12:41:47.946+0000] {processor.py:829} INFO - Processing file /opt/airflow/dags/pipeline.py for tasks to queue
[2025-05-28T12:41:47.947+0000] {logging_mixin.py:151} INFO - [2025-05-28T12:41:47.947+0000] {dagbag.py:539} INFO - Filling up the DagBag from /opt/airflow/dags/pipeline.py
[2025-05-28T12:41:47.957+0000] {processor.py:839} INFO - DAG(s) dict_keys(['data_lake_pipeline']) retrieved from /opt/airflow/dags/pipeline.py
[2025-05-28T12:41:47.974+0000] {logging_mixin.py:151} INFO - [2025-05-28T12:41:47.974+0000] {dag.py:2915} INFO - Sync 1 DAGs
[2025-05-28T12:41:47.983+0000] {logging_mixin.py:151} INFO - [2025-05-28T12:41:47.983+0000] {dag.py:3696} INFO - Setting next_dagrun for data_lake_pipeline to 2025-01-01T00:00:00+00:00, run_after=2025-01-02T00:00:00+00:00
[2025-05-28T12:41:47.991+0000] {processor.py:179} INFO - Processing /opt/airflow/dags/pipeline.py took 0.047 seconds
[2025-05-28T12:42:18.185+0000] {processor.py:157} INFO - Started process (PID=536) to work on /opt/airflow/dags/pipeline.py
[2025-05-28T12:42:18.186+0000] {processor.py:829} INFO - Processing file /opt/airflow/dags/pipeline.py for tasks to queue
[2025-05-28T12:42:18.187+0000] {logging_mixin.py:151} INFO - [2025-05-28T12:42:18.187+0000] {dagbag.py:539} INFO - Filling up the DagBag from /opt/airflow/dags/pipeline.py
[2025-05-28T12:42:18.200+0000] {processor.py:839} INFO - DAG(s) dict_keys(['data_lake_pipeline']) retrieved from /opt/airflow/dags/pipeline.py
[2025-05-28T12:42:18.223+0000] {logging_mixin.py:151} INFO - [2025-05-28T12:42:18.223+0000] {dag.py:2915} INFO - Sync 1 DAGs
[2025-05-28T12:42:18.237+0000] {logging_mixin.py:151} INFO - [2025-05-28T12:42:18.237+0000] {dag.py:3696} INFO - Setting next_dagrun for data_lake_pipeline to 2025-01-01T00:00:00+00:00, run_after=2025-01-02T00:00:00+00:00
[2025-05-28T12:42:18.246+0000] {processor.py:179} INFO - Processing /opt/airflow/dags/pipeline.py took 0.065 seconds
[2025-05-28T12:42:48.401+0000] {processor.py:157} INFO - Started process (PID=541) to work on /opt/airflow/dags/pipeline.py
[2025-05-28T12:42:48.402+0000] {processor.py:829} INFO - Processing file /opt/airflow/dags/pipeline.py for tasks to queue
[2025-05-28T12:42:48.402+0000] {logging_mixin.py:151} INFO - [2025-05-28T12:42:48.402+0000] {dagbag.py:539} INFO - Filling up the DagBag from /opt/airflow/dags/pipeline.py
[2025-05-28T12:42:48.412+0000] {processor.py:839} INFO - DAG(s) dict_keys(['data_lake_pipeline']) retrieved from /opt/airflow/dags/pipeline.py
[2025-05-28T12:42:48.431+0000] {logging_mixin.py:151} INFO - [2025-05-28T12:42:48.431+0000] {dag.py:2915} INFO - Sync 1 DAGs
[2025-05-28T12:42:48.444+0000] {logging_mixin.py:151} INFO - [2025-05-28T12:42:48.444+0000] {dag.py:3696} INFO - Setting next_dagrun for data_lake_pipeline to 2025-01-01T00:00:00+00:00, run_after=2025-01-02T00:00:00+00:00
[2025-05-28T12:42:48.452+0000] {processor.py:179} INFO - Processing /opt/airflow/dags/pipeline.py took 0.053 seconds
[2025-05-28T12:43:10.608+0000] {processor.py:157} INFO - Started process (PID=546) to work on /opt/airflow/dags/pipeline.py
[2025-05-28T12:43:10.609+0000] {processor.py:829} INFO - Processing file /opt/airflow/dags/pipeline.py for tasks to queue
[2025-05-28T12:43:10.610+0000] {logging_mixin.py:151} INFO - [2025-05-28T12:43:10.609+0000] {dagbag.py:539} INFO - Filling up the DagBag from /opt/airflow/dags/pipeline.py
[2025-05-28T12:43:10.627+0000] {processor.py:839} INFO - DAG(s) dict_keys(['robust_data_lake_pipeline']) retrieved from /opt/airflow/dags/pipeline.py
[2025-05-28T12:43:10.714+0000] {logging_mixin.py:151} INFO - [2025-05-28T12:43:10.714+0000] {security.py:708} INFO - Not syncing DAG-level permissions for DAG 'DAG:robust_data_lake_pipeline' as access control is unset.
[2025-05-28T12:43:10.714+0000] {logging_mixin.py:151} INFO - [2025-05-28T12:43:10.714+0000] {dag.py:2915} INFO - Sync 1 DAGs
[2025-05-28T12:43:10.746+0000] {processor.py:179} INFO - Processing /opt/airflow/dags/pipeline.py took 0.142 seconds
[2025-05-28T12:43:40.913+0000] {processor.py:157} INFO - Started process (PID=553) to work on /opt/airflow/dags/pipeline.py
[2025-05-28T12:43:40.914+0000] {processor.py:829} INFO - Processing file /opt/airflow/dags/pipeline.py for tasks to queue
[2025-05-28T12:43:40.918+0000] {logging_mixin.py:151} INFO - [2025-05-28T12:43:40.917+0000] {dagbag.py:539} INFO - Filling up the DagBag from /opt/airflow/dags/pipeline.py
[2025-05-28T12:43:40.937+0000] {processor.py:839} INFO - DAG(s) dict_keys(['robust_data_lake_pipeline']) retrieved from /opt/airflow/dags/pipeline.py
[2025-05-28T12:43:40.975+0000] {logging_mixin.py:151} INFO - [2025-05-28T12:43:40.975+0000] {dag.py:2915} INFO - Sync 1 DAGs
[2025-05-28T12:43:41.015+0000] {processor.py:179} INFO - Processing /opt/airflow/dags/pipeline.py took 0.112 seconds
[2025-05-28T12:44:11.249+0000] {processor.py:157} INFO - Started process (PID=558) to work on /opt/airflow/dags/pipeline.py
[2025-05-28T12:44:11.250+0000] {processor.py:829} INFO - Processing file /opt/airflow/dags/pipeline.py for tasks to queue
[2025-05-28T12:44:11.251+0000] {logging_mixin.py:151} INFO - [2025-05-28T12:44:11.251+0000] {dagbag.py:539} INFO - Filling up the DagBag from /opt/airflow/dags/pipeline.py
[2025-05-28T12:44:11.263+0000] {processor.py:839} INFO - DAG(s) dict_keys(['robust_data_lake_pipeline']) retrieved from /opt/airflow/dags/pipeline.py
[2025-05-28T12:44:11.285+0000] {logging_mixin.py:151} INFO - [2025-05-28T12:44:11.285+0000] {dag.py:2915} INFO - Sync 1 DAGs
[2025-05-28T12:44:11.308+0000] {processor.py:179} INFO - Processing /opt/airflow/dags/pipeline.py took 0.062 seconds
[2025-05-28T12:44:37.485+0000] {processor.py:157} INFO - Started process (PID=563) to work on /opt/airflow/dags/pipeline.py
[2025-05-28T12:44:37.486+0000] {processor.py:829} INFO - Processing file /opt/airflow/dags/pipeline.py for tasks to queue
[2025-05-28T12:44:37.486+0000] {logging_mixin.py:151} INFO - [2025-05-28T12:44:37.486+0000] {dagbag.py:539} INFO - Filling up the DagBag from /opt/airflow/dags/pipeline.py
[2025-05-28T12:44:37.498+0000] {processor.py:839} INFO - DAG(s) dict_keys(['robust_data_lake_pipeline']) retrieved from /opt/airflow/dags/pipeline.py
[2025-05-28T12:44:37.516+0000] {logging_mixin.py:151} INFO - [2025-05-28T12:44:37.516+0000] {dag.py:2915} INFO - Sync 1 DAGs
[2025-05-28T12:44:37.534+0000] {processor.py:179} INFO - Processing /opt/airflow/dags/pipeline.py took 0.052 seconds
[2025-05-28T12:51:26.398+0000] {processor.py:157} INFO - Started process (PID=171) to work on /opt/airflow/dags/pipeline.py
[2025-05-28T12:51:26.399+0000] {processor.py:829} INFO - Processing file /opt/airflow/dags/pipeline.py for tasks to queue
[2025-05-28T12:51:26.400+0000] {logging_mixin.py:151} INFO - [2025-05-28T12:51:26.400+0000] {dagbag.py:539} INFO - Filling up the DagBag from /opt/airflow/dags/pipeline.py
[2025-05-28T12:51:26.411+0000] {processor.py:839} INFO - DAG(s) dict_keys(['robust_data_lake_pipeline']) retrieved from /opt/airflow/dags/pipeline.py
[2025-05-28T12:51:26.432+0000] {logging_mixin.py:151} INFO - [2025-05-28T12:51:26.432+0000] {dag.py:2915} INFO - Sync 1 DAGs
[2025-05-28T12:51:26.496+0000] {processor.py:179} INFO - Processing /opt/airflow/dags/pipeline.py took 0.100 seconds
[2025-05-28T12:51:56.649+0000] {processor.py:157} INFO - Started process (PID=177) to work on /opt/airflow/dags/pipeline.py
[2025-05-28T12:51:56.650+0000] {processor.py:829} INFO - Processing file /opt/airflow/dags/pipeline.py for tasks to queue
[2025-05-28T12:51:56.650+0000] {logging_mixin.py:151} INFO - [2025-05-28T12:51:56.650+0000] {dagbag.py:539} INFO - Filling up the DagBag from /opt/airflow/dags/pipeline.py
[2025-05-28T12:51:56.662+0000] {processor.py:839} INFO - DAG(s) dict_keys(['robust_data_lake_pipeline']) retrieved from /opt/airflow/dags/pipeline.py
[2025-05-28T12:51:56.688+0000] {logging_mixin.py:151} INFO - [2025-05-28T12:51:56.688+0000] {dag.py:2915} INFO - Sync 1 DAGs
[2025-05-28T12:51:56.775+0000] {processor.py:179} INFO - Processing /opt/airflow/dags/pipeline.py took 0.130 seconds
[2025-05-28T12:52:26.898+0000] {processor.py:157} INFO - Started process (PID=182) to work on /opt/airflow/dags/pipeline.py
[2025-05-28T12:52:26.899+0000] {processor.py:829} INFO - Processing file /opt/airflow/dags/pipeline.py for tasks to queue
[2025-05-28T12:52:26.900+0000] {logging_mixin.py:151} INFO - [2025-05-28T12:52:26.899+0000] {dagbag.py:539} INFO - Filling up the DagBag from /opt/airflow/dags/pipeline.py
[2025-05-28T12:52:26.910+0000] {processor.py:839} INFO - DAG(s) dict_keys(['robust_data_lake_pipeline']) retrieved from /opt/airflow/dags/pipeline.py
[2025-05-28T12:52:26.930+0000] {logging_mixin.py:151} INFO - [2025-05-28T12:52:26.930+0000] {dag.py:2915} INFO - Sync 1 DAGs
[2025-05-28T12:52:27.018+0000] {processor.py:179} INFO - Processing /opt/airflow/dags/pipeline.py took 0.124 seconds
[2025-05-28T12:52:42.049+0000] {processor.py:157} INFO - Started process (PID=187) to work on /opt/airflow/dags/pipeline.py
[2025-05-28T12:52:42.051+0000] {processor.py:829} INFO - Processing file /opt/airflow/dags/pipeline.py for tasks to queue
[2025-05-28T12:52:42.052+0000] {logging_mixin.py:151} INFO - [2025-05-28T12:52:42.052+0000] {dagbag.py:539} INFO - Filling up the DagBag from /opt/airflow/dags/pipeline.py
[2025-05-28T12:52:42.066+0000] {processor.py:839} INFO - DAG(s) dict_keys(['robust_data_lake_pipeline']) retrieved from /opt/airflow/dags/pipeline.py
[2025-05-28T12:52:42.242+0000] {logging_mixin.py:151} INFO - [2025-05-28T12:52:42.242+0000] {security.py:708} INFO - Not syncing DAG-level permissions for DAG 'DAG:robust_data_lake_pipeline' as access control is unset.
[2025-05-28T12:52:42.243+0000] {logging_mixin.py:151} INFO - [2025-05-28T12:52:42.243+0000] {dag.py:2915} INFO - Sync 1 DAGs
[2025-05-28T12:52:42.262+0000] {processor.py:179} INFO - Processing /opt/airflow/dags/pipeline.py took 0.216 seconds
[2025-05-28T12:53:12.330+0000] {processor.py:157} INFO - Started process (PID=192) to work on /opt/airflow/dags/pipeline.py
[2025-05-28T12:53:12.331+0000] {processor.py:829} INFO - Processing file /opt/airflow/dags/pipeline.py for tasks to queue
[2025-05-28T12:53:12.332+0000] {logging_mixin.py:151} INFO - [2025-05-28T12:53:12.331+0000] {dagbag.py:539} INFO - Filling up the DagBag from /opt/airflow/dags/pipeline.py
[2025-05-28T12:53:12.470+0000] {processor.py:839} INFO - DAG(s) dict_keys(['robust_data_lake_pipeline']) retrieved from /opt/airflow/dags/pipeline.py
[2025-05-28T12:53:12.484+0000] {logging_mixin.py:151} INFO - [2025-05-28T12:53:12.484+0000] {dag.py:2915} INFO - Sync 1 DAGs
[2025-05-28T12:53:12.501+0000] {processor.py:179} INFO - Processing /opt/airflow/dags/pipeline.py took 0.174 seconds
[2025-05-28T12:53:42.820+0000] {processor.py:157} INFO - Started process (PID=197) to work on /opt/airflow/dags/pipeline.py
[2025-05-28T12:53:42.821+0000] {processor.py:829} INFO - Processing file /opt/airflow/dags/pipeline.py for tasks to queue
[2025-05-28T12:53:42.821+0000] {logging_mixin.py:151} INFO - [2025-05-28T12:53:42.821+0000] {dagbag.py:539} INFO - Filling up the DagBag from /opt/airflow/dags/pipeline.py
[2025-05-28T12:53:42.833+0000] {processor.py:839} INFO - DAG(s) dict_keys(['robust_data_lake_pipeline']) retrieved from /opt/airflow/dags/pipeline.py
[2025-05-28T12:53:42.851+0000] {logging_mixin.py:151} INFO - [2025-05-28T12:53:42.851+0000] {dag.py:2915} INFO - Sync 1 DAGs
[2025-05-28T12:53:42.868+0000] {processor.py:179} INFO - Processing /opt/airflow/dags/pipeline.py took 0.051 seconds
[2025-05-28T12:54:13.034+0000] {processor.py:157} INFO - Started process (PID=202) to work on /opt/airflow/dags/pipeline.py
[2025-05-28T12:54:13.035+0000] {processor.py:829} INFO - Processing file /opt/airflow/dags/pipeline.py for tasks to queue
[2025-05-28T12:54:13.036+0000] {logging_mixin.py:151} INFO - [2025-05-28T12:54:13.035+0000] {dagbag.py:539} INFO - Filling up the DagBag from /opt/airflow/dags/pipeline.py
[2025-05-28T12:54:13.047+0000] {processor.py:839} INFO - DAG(s) dict_keys(['robust_data_lake_pipeline']) retrieved from /opt/airflow/dags/pipeline.py
[2025-05-28T12:54:13.066+0000] {logging_mixin.py:151} INFO - [2025-05-28T12:54:13.066+0000] {dag.py:2915} INFO - Sync 1 DAGs
[2025-05-28T12:54:13.084+0000] {processor.py:179} INFO - Processing /opt/airflow/dags/pipeline.py took 0.053 seconds
[2025-05-28T12:54:43.248+0000] {processor.py:157} INFO - Started process (PID=207) to work on /opt/airflow/dags/pipeline.py
[2025-05-28T12:54:43.249+0000] {processor.py:829} INFO - Processing file /opt/airflow/dags/pipeline.py for tasks to queue
[2025-05-28T12:54:43.250+0000] {logging_mixin.py:151} INFO - [2025-05-28T12:54:43.249+0000] {dagbag.py:539} INFO - Filling up the DagBag from /opt/airflow/dags/pipeline.py
[2025-05-28T12:54:43.259+0000] {processor.py:839} INFO - DAG(s) dict_keys(['robust_data_lake_pipeline']) retrieved from /opt/airflow/dags/pipeline.py
[2025-05-28T12:54:43.278+0000] {logging_mixin.py:151} INFO - [2025-05-28T12:54:43.278+0000] {dag.py:2915} INFO - Sync 1 DAGs
[2025-05-28T12:54:43.295+0000] {processor.py:179} INFO - Processing /opt/airflow/dags/pipeline.py took 0.050 seconds
[2025-05-28T12:55:13.507+0000] {processor.py:157} INFO - Started process (PID=212) to work on /opt/airflow/dags/pipeline.py
[2025-05-28T12:55:13.508+0000] {processor.py:829} INFO - Processing file /opt/airflow/dags/pipeline.py for tasks to queue
[2025-05-28T12:55:13.509+0000] {logging_mixin.py:151} INFO - [2025-05-28T12:55:13.509+0000] {dagbag.py:539} INFO - Filling up the DagBag from /opt/airflow/dags/pipeline.py
[2025-05-28T12:55:13.526+0000] {processor.py:839} INFO - DAG(s) dict_keys(['robust_data_lake_pipeline']) retrieved from /opt/airflow/dags/pipeline.py
[2025-05-28T12:55:13.551+0000] {logging_mixin.py:151} INFO - [2025-05-28T12:55:13.550+0000] {dag.py:2915} INFO - Sync 1 DAGs
[2025-05-28T12:55:13.572+0000] {processor.py:179} INFO - Processing /opt/airflow/dags/pipeline.py took 0.069 seconds
[2025-05-28T12:55:43.746+0000] {processor.py:157} INFO - Started process (PID=217) to work on /opt/airflow/dags/pipeline.py
[2025-05-28T12:55:43.747+0000] {processor.py:829} INFO - Processing file /opt/airflow/dags/pipeline.py for tasks to queue
[2025-05-28T12:55:43.748+0000] {logging_mixin.py:151} INFO - [2025-05-28T12:55:43.748+0000] {dagbag.py:539} INFO - Filling up the DagBag from /opt/airflow/dags/pipeline.py
[2025-05-28T12:55:43.760+0000] {processor.py:839} INFO - DAG(s) dict_keys(['robust_data_lake_pipeline']) retrieved from /opt/airflow/dags/pipeline.py
[2025-05-28T12:55:43.781+0000] {logging_mixin.py:151} INFO - [2025-05-28T12:55:43.780+0000] {dag.py:2915} INFO - Sync 1 DAGs
[2025-05-28T12:55:43.800+0000] {processor.py:179} INFO - Processing /opt/airflow/dags/pipeline.py took 0.057 seconds
[2025-05-28T12:56:13.992+0000] {processor.py:157} INFO - Started process (PID=222) to work on /opt/airflow/dags/pipeline.py
[2025-05-28T12:56:13.993+0000] {processor.py:829} INFO - Processing file /opt/airflow/dags/pipeline.py for tasks to queue
[2025-05-28T12:56:13.994+0000] {logging_mixin.py:151} INFO - [2025-05-28T12:56:13.994+0000] {dagbag.py:539} INFO - Filling up the DagBag from /opt/airflow/dags/pipeline.py
[2025-05-28T12:56:14.010+0000] {processor.py:839} INFO - DAG(s) dict_keys(['robust_data_lake_pipeline']) retrieved from /opt/airflow/dags/pipeline.py
[2025-05-28T12:56:14.029+0000] {logging_mixin.py:151} INFO - [2025-05-28T12:56:14.029+0000] {dag.py:2915} INFO - Sync 1 DAGs
[2025-05-28T12:56:14.048+0000] {processor.py:179} INFO - Processing /opt/airflow/dags/pipeline.py took 0.061 seconds
[2025-05-28T12:56:44.257+0000] {processor.py:157} INFO - Started process (PID=227) to work on /opt/airflow/dags/pipeline.py
[2025-05-28T12:56:44.258+0000] {processor.py:829} INFO - Processing file /opt/airflow/dags/pipeline.py for tasks to queue
[2025-05-28T12:56:44.259+0000] {logging_mixin.py:151} INFO - [2025-05-28T12:56:44.259+0000] {dagbag.py:539} INFO - Filling up the DagBag from /opt/airflow/dags/pipeline.py
[2025-05-28T12:56:44.273+0000] {processor.py:839} INFO - DAG(s) dict_keys(['robust_data_lake_pipeline']) retrieved from /opt/airflow/dags/pipeline.py
[2025-05-28T12:56:44.291+0000] {logging_mixin.py:151} INFO - [2025-05-28T12:56:44.291+0000] {dag.py:2915} INFO - Sync 1 DAGs
[2025-05-28T12:56:44.308+0000] {processor.py:179} INFO - Processing /opt/airflow/dags/pipeline.py took 0.056 seconds
[2025-05-28T12:57:14.531+0000] {processor.py:157} INFO - Started process (PID=232) to work on /opt/airflow/dags/pipeline.py
[2025-05-28T12:57:14.532+0000] {processor.py:829} INFO - Processing file /opt/airflow/dags/pipeline.py for tasks to queue
[2025-05-28T12:57:14.533+0000] {logging_mixin.py:151} INFO - [2025-05-28T12:57:14.533+0000] {dagbag.py:539} INFO - Filling up the DagBag from /opt/airflow/dags/pipeline.py
[2025-05-28T12:57:14.544+0000] {processor.py:839} INFO - DAG(s) dict_keys(['robust_data_lake_pipeline']) retrieved from /opt/airflow/dags/pipeline.py
[2025-05-28T12:57:14.563+0000] {logging_mixin.py:151} INFO - [2025-05-28T12:57:14.563+0000] {dag.py:2915} INFO - Sync 1 DAGs
[2025-05-28T12:57:14.580+0000] {processor.py:179} INFO - Processing /opt/airflow/dags/pipeline.py took 0.052 seconds
[2025-05-28T12:57:44.801+0000] {processor.py:157} INFO - Started process (PID=237) to work on /opt/airflow/dags/pipeline.py
[2025-05-28T12:57:44.802+0000] {processor.py:829} INFO - Processing file /opt/airflow/dags/pipeline.py for tasks to queue
[2025-05-28T12:57:44.803+0000] {logging_mixin.py:151} INFO - [2025-05-28T12:57:44.803+0000] {dagbag.py:539} INFO - Filling up the DagBag from /opt/airflow/dags/pipeline.py
[2025-05-28T12:57:44.818+0000] {processor.py:839} INFO - DAG(s) dict_keys(['robust_data_lake_pipeline']) retrieved from /opt/airflow/dags/pipeline.py
[2025-05-28T12:57:44.841+0000] {logging_mixin.py:151} INFO - [2025-05-28T12:57:44.841+0000] {dag.py:2915} INFO - Sync 1 DAGs
[2025-05-28T12:57:44.863+0000] {processor.py:179} INFO - Processing /opt/airflow/dags/pipeline.py took 0.065 seconds
[2025-05-28T12:58:15.045+0000] {processor.py:157} INFO - Started process (PID=242) to work on /opt/airflow/dags/pipeline.py
[2025-05-28T12:58:15.046+0000] {processor.py:829} INFO - Processing file /opt/airflow/dags/pipeline.py for tasks to queue
[2025-05-28T12:58:15.047+0000] {logging_mixin.py:151} INFO - [2025-05-28T12:58:15.047+0000] {dagbag.py:539} INFO - Filling up the DagBag from /opt/airflow/dags/pipeline.py
[2025-05-28T12:58:15.062+0000] {processor.py:839} INFO - DAG(s) dict_keys(['robust_data_lake_pipeline']) retrieved from /opt/airflow/dags/pipeline.py
[2025-05-28T12:58:15.089+0000] {logging_mixin.py:151} INFO - [2025-05-28T12:58:15.089+0000] {dag.py:2915} INFO - Sync 1 DAGs
[2025-05-28T12:58:15.112+0000] {processor.py:179} INFO - Processing /opt/airflow/dags/pipeline.py took 0.072 seconds
[2025-05-28T12:58:45.312+0000] {processor.py:157} INFO - Started process (PID=247) to work on /opt/airflow/dags/pipeline.py
[2025-05-28T12:58:45.314+0000] {processor.py:829} INFO - Processing file /opt/airflow/dags/pipeline.py for tasks to queue
[2025-05-28T12:58:45.314+0000] {logging_mixin.py:151} INFO - [2025-05-28T12:58:45.314+0000] {dagbag.py:539} INFO - Filling up the DagBag from /opt/airflow/dags/pipeline.py
[2025-05-28T12:58:45.326+0000] {processor.py:839} INFO - DAG(s) dict_keys(['robust_data_lake_pipeline']) retrieved from /opt/airflow/dags/pipeline.py
[2025-05-28T12:58:45.345+0000] {logging_mixin.py:151} INFO - [2025-05-28T12:58:45.345+0000] {dag.py:2915} INFO - Sync 1 DAGs
[2025-05-28T12:58:45.362+0000] {processor.py:179} INFO - Processing /opt/airflow/dags/pipeline.py took 0.052 seconds
[2025-05-28T12:59:15.578+0000] {processor.py:157} INFO - Started process (PID=258) to work on /opt/airflow/dags/pipeline.py
[2025-05-28T12:59:15.579+0000] {processor.py:829} INFO - Processing file /opt/airflow/dags/pipeline.py for tasks to queue
[2025-05-28T12:59:15.580+0000] {logging_mixin.py:151} INFO - [2025-05-28T12:59:15.579+0000] {dagbag.py:539} INFO - Filling up the DagBag from /opt/airflow/dags/pipeline.py
[2025-05-28T12:59:15.592+0000] {processor.py:839} INFO - DAG(s) dict_keys(['robust_data_lake_pipeline']) retrieved from /opt/airflow/dags/pipeline.py
[2025-05-28T12:59:15.613+0000] {logging_mixin.py:151} INFO - [2025-05-28T12:59:15.613+0000] {dag.py:2915} INFO - Sync 1 DAGs
[2025-05-28T12:59:15.632+0000] {processor.py:179} INFO - Processing /opt/airflow/dags/pipeline.py took 0.058 seconds
[2025-05-28T12:59:45.836+0000] {processor.py:157} INFO - Started process (PID=263) to work on /opt/airflow/dags/pipeline.py
[2025-05-28T12:59:45.836+0000] {processor.py:829} INFO - Processing file /opt/airflow/dags/pipeline.py for tasks to queue
[2025-05-28T12:59:45.838+0000] {logging_mixin.py:151} INFO - [2025-05-28T12:59:45.837+0000] {dagbag.py:539} INFO - Filling up the DagBag from /opt/airflow/dags/pipeline.py
[2025-05-28T12:59:45.851+0000] {processor.py:839} INFO - DAG(s) dict_keys(['robust_data_lake_pipeline']) retrieved from /opt/airflow/dags/pipeline.py
[2025-05-28T12:59:45.870+0000] {logging_mixin.py:151} INFO - [2025-05-28T12:59:45.870+0000] {dag.py:2915} INFO - Sync 1 DAGs
[2025-05-28T12:59:45.888+0000] {processor.py:179} INFO - Processing /opt/airflow/dags/pipeline.py took 0.056 seconds
[2025-05-28T13:00:16.066+0000] {processor.py:157} INFO - Started process (PID=268) to work on /opt/airflow/dags/pipeline.py
[2025-05-28T13:00:16.068+0000] {processor.py:829} INFO - Processing file /opt/airflow/dags/pipeline.py for tasks to queue
[2025-05-28T13:00:16.068+0000] {logging_mixin.py:151} INFO - [2025-05-28T13:00:16.068+0000] {dagbag.py:539} INFO - Filling up the DagBag from /opt/airflow/dags/pipeline.py
[2025-05-28T13:00:16.082+0000] {processor.py:839} INFO - DAG(s) dict_keys(['robust_data_lake_pipeline']) retrieved from /opt/airflow/dags/pipeline.py
[2025-05-28T13:00:16.106+0000] {logging_mixin.py:151} INFO - [2025-05-28T13:00:16.105+0000] {dag.py:2915} INFO - Sync 1 DAGs
[2025-05-28T13:00:16.127+0000] {processor.py:179} INFO - Processing /opt/airflow/dags/pipeline.py took 0.067 seconds
[2025-05-28T13:00:46.285+0000] {processor.py:157} INFO - Started process (PID=273) to work on /opt/airflow/dags/pipeline.py
[2025-05-28T13:00:46.286+0000] {processor.py:829} INFO - Processing file /opt/airflow/dags/pipeline.py for tasks to queue
[2025-05-28T13:00:46.287+0000] {logging_mixin.py:151} INFO - [2025-05-28T13:00:46.287+0000] {dagbag.py:539} INFO - Filling up the DagBag from /opt/airflow/dags/pipeline.py
[2025-05-28T13:00:46.299+0000] {processor.py:839} INFO - DAG(s) dict_keys(['robust_data_lake_pipeline']) retrieved from /opt/airflow/dags/pipeline.py
[2025-05-28T13:00:46.318+0000] {logging_mixin.py:151} INFO - [2025-05-28T13:00:46.318+0000] {dag.py:2915} INFO - Sync 1 DAGs
[2025-05-28T13:00:46.337+0000] {processor.py:179} INFO - Processing /opt/airflow/dags/pipeline.py took 0.056 seconds
[2025-05-28T13:01:16.540+0000] {processor.py:157} INFO - Started process (PID=278) to work on /opt/airflow/dags/pipeline.py
[2025-05-28T13:01:16.541+0000] {processor.py:829} INFO - Processing file /opt/airflow/dags/pipeline.py for tasks to queue
[2025-05-28T13:01:16.542+0000] {logging_mixin.py:151} INFO - [2025-05-28T13:01:16.541+0000] {dagbag.py:539} INFO - Filling up the DagBag from /opt/airflow/dags/pipeline.py
[2025-05-28T13:01:16.552+0000] {processor.py:839} INFO - DAG(s) dict_keys(['robust_data_lake_pipeline']) retrieved from /opt/airflow/dags/pipeline.py
[2025-05-28T13:01:16.572+0000] {logging_mixin.py:151} INFO - [2025-05-28T13:01:16.572+0000] {dag.py:2915} INFO - Sync 1 DAGs
[2025-05-28T13:01:16.590+0000] {processor.py:179} INFO - Processing /opt/airflow/dags/pipeline.py took 0.053 seconds
[2025-05-28T13:01:46.829+0000] {processor.py:157} INFO - Started process (PID=283) to work on /opt/airflow/dags/pipeline.py
[2025-05-28T13:01:46.830+0000] {processor.py:829} INFO - Processing file /opt/airflow/dags/pipeline.py for tasks to queue
[2025-05-28T13:01:46.831+0000] {logging_mixin.py:151} INFO - [2025-05-28T13:01:46.831+0000] {dagbag.py:539} INFO - Filling up the DagBag from /opt/airflow/dags/pipeline.py
[2025-05-28T13:01:46.846+0000] {processor.py:839} INFO - DAG(s) dict_keys(['robust_data_lake_pipeline']) retrieved from /opt/airflow/dags/pipeline.py
[2025-05-28T13:01:46.876+0000] {logging_mixin.py:151} INFO - [2025-05-28T13:01:46.876+0000] {dag.py:2915} INFO - Sync 1 DAGs
[2025-05-28T13:01:46.904+0000] {processor.py:179} INFO - Processing /opt/airflow/dags/pipeline.py took 0.080 seconds
[2025-05-28T13:02:17.066+0000] {processor.py:157} INFO - Started process (PID=288) to work on /opt/airflow/dags/pipeline.py
[2025-05-28T13:02:17.070+0000] {processor.py:829} INFO - Processing file /opt/airflow/dags/pipeline.py for tasks to queue
[2025-05-28T13:02:17.072+0000] {logging_mixin.py:151} INFO - [2025-05-28T13:02:17.071+0000] {dagbag.py:539} INFO - Filling up the DagBag from /opt/airflow/dags/pipeline.py
[2025-05-28T13:02:17.087+0000] {processor.py:839} INFO - DAG(s) dict_keys(['robust_data_lake_pipeline']) retrieved from /opt/airflow/dags/pipeline.py
[2025-05-28T13:02:17.116+0000] {logging_mixin.py:151} INFO - [2025-05-28T13:02:17.116+0000] {dag.py:2915} INFO - Sync 1 DAGs
[2025-05-28T13:02:17.146+0000] {processor.py:179} INFO - Processing /opt/airflow/dags/pipeline.py took 0.086 seconds
[2025-05-28T13:02:47.311+0000] {processor.py:157} INFO - Started process (PID=295) to work on /opt/airflow/dags/pipeline.py
[2025-05-28T13:02:47.312+0000] {processor.py:829} INFO - Processing file /opt/airflow/dags/pipeline.py for tasks to queue
[2025-05-28T13:02:47.313+0000] {logging_mixin.py:151} INFO - [2025-05-28T13:02:47.312+0000] {dagbag.py:539} INFO - Filling up the DagBag from /opt/airflow/dags/pipeline.py
[2025-05-28T13:02:47.323+0000] {processor.py:839} INFO - DAG(s) dict_keys(['robust_data_lake_pipeline']) retrieved from /opt/airflow/dags/pipeline.py
[2025-05-28T13:02:47.346+0000] {logging_mixin.py:151} INFO - [2025-05-28T13:02:47.346+0000] {dag.py:2915} INFO - Sync 1 DAGs
[2025-05-28T13:02:47.365+0000] {processor.py:179} INFO - Processing /opt/airflow/dags/pipeline.py took 0.058 seconds
[2025-05-28T13:03:17.606+0000] {processor.py:157} INFO - Started process (PID=300) to work on /opt/airflow/dags/pipeline.py
[2025-05-28T13:03:17.608+0000] {processor.py:829} INFO - Processing file /opt/airflow/dags/pipeline.py for tasks to queue
[2025-05-28T13:03:17.610+0000] {logging_mixin.py:151} INFO - [2025-05-28T13:03:17.609+0000] {dagbag.py:539} INFO - Filling up the DagBag from /opt/airflow/dags/pipeline.py
[2025-05-28T13:03:17.632+0000] {processor.py:839} INFO - DAG(s) dict_keys(['robust_data_lake_pipeline']) retrieved from /opt/airflow/dags/pipeline.py
[2025-05-28T13:03:17.669+0000] {logging_mixin.py:151} INFO - [2025-05-28T13:03:17.669+0000] {dag.py:2915} INFO - Sync 1 DAGs
[2025-05-28T13:03:17.694+0000] {processor.py:179} INFO - Processing /opt/airflow/dags/pipeline.py took 0.097 seconds
[2025-05-28T13:03:47.836+0000] {processor.py:157} INFO - Started process (PID=305) to work on /opt/airflow/dags/pipeline.py
[2025-05-28T13:03:47.837+0000] {processor.py:829} INFO - Processing file /opt/airflow/dags/pipeline.py for tasks to queue
[2025-05-28T13:03:47.838+0000] {logging_mixin.py:151} INFO - [2025-05-28T13:03:47.838+0000] {dagbag.py:539} INFO - Filling up the DagBag from /opt/airflow/dags/pipeline.py
[2025-05-28T13:03:47.853+0000] {processor.py:839} INFO - DAG(s) dict_keys(['robust_data_lake_pipeline']) retrieved from /opt/airflow/dags/pipeline.py
[2025-05-28T13:03:47.878+0000] {logging_mixin.py:151} INFO - [2025-05-28T13:03:47.878+0000] {dag.py:2915} INFO - Sync 1 DAGs
[2025-05-28T13:03:47.906+0000] {processor.py:179} INFO - Processing /opt/airflow/dags/pipeline.py took 0.074 seconds
[2025-05-28T13:04:18.143+0000] {processor.py:157} INFO - Started process (PID=310) to work on /opt/airflow/dags/pipeline.py
[2025-05-28T13:04:18.145+0000] {processor.py:829} INFO - Processing file /opt/airflow/dags/pipeline.py for tasks to queue
[2025-05-28T13:04:18.145+0000] {logging_mixin.py:151} INFO - [2025-05-28T13:04:18.145+0000] {dagbag.py:539} INFO - Filling up the DagBag from /opt/airflow/dags/pipeline.py
[2025-05-28T13:04:18.158+0000] {processor.py:839} INFO - DAG(s) dict_keys(['robust_data_lake_pipeline']) retrieved from /opt/airflow/dags/pipeline.py
[2025-05-28T13:04:18.191+0000] {logging_mixin.py:151} INFO - [2025-05-28T13:04:18.191+0000] {dag.py:2915} INFO - Sync 1 DAGs
[2025-05-28T13:04:18.215+0000] {processor.py:179} INFO - Processing /opt/airflow/dags/pipeline.py took 0.075 seconds
