[2025-05-28T12:51:26.329+0000] {manager.py:487} INFO - Processing files using up to 2 processes at a time 
[2025-05-28T12:51:26.330+0000] {manager.py:488} INFO - Process each file at most once every 30 seconds
[2025-05-28T12:51:26.331+0000] {manager.py:489} INFO - Checking for new files in /opt/airflow/dags every 300 seconds
[2025-05-28T12:51:26.333+0000] {manager.py:759} INFO - Searching for files in /opt/airflow/dags
[2025-05-28T12:51:26.343+0000] {manager.py:762} INFO - There are 1 files in /opt/airflow/dags
[2025-05-28T12:51:26.420+0000] {manager.py:893} INFO - 
================================================================================
DAG File Processing Stats

File Path                        PID  Runtime      # DAGs    # Errors  Last Runtime    Last Run
-----------------------------  -----  ---------  --------  ----------  --------------  ----------
/opt/airflow/dags/pipeline.py    171  0.03s             0           0
================================================================================
[2025-05-28T12:51:56.639+0000] {manager.py:893} INFO - 
================================================================================
DAG File Processing Stats

File Path                        PID  Runtime      # DAGs    # Errors  Last Runtime    Last Run
-----------------------------  -----  ---------  --------  ----------  --------------  -------------------
/opt/airflow/dags/pipeline.py    177  0.01s             1           0  0.11s           2025-05-28T12:51:26
================================================================================
[2025-05-28T12:52:26.889+0000] {manager.py:893} INFO - 
================================================================================
DAG File Processing Stats

File Path                        PID  Runtime      # DAGs    # Errors  Last Runtime    Last Run
-----------------------------  -----  ---------  --------  ----------  --------------  -------------------
/opt/airflow/dags/pipeline.py    182  0.01s             1           0  0.15s           2025-05-28T12:51:56
================================================================================
[2025-05-28T12:52:57.217+0000] {manager.py:893} INFO - 
================================================================================
DAG File Processing Stats

File Path                      PID    Runtime      # DAGs    # Errors  Last Runtime    Last Run
-----------------------------  -----  ---------  --------  ----------  --------------  -------------------
/opt/airflow/dags/pipeline.py                           1           0  0.23s           2025-05-28T12:52:42
================================================================================
[2025-05-28T12:53:27.683+0000] {manager.py:893} INFO - 
================================================================================
DAG File Processing Stats

File Path                      PID    Runtime      # DAGs    # Errors  Last Runtime    Last Run
-----------------------------  -----  ---------  --------  ----------  --------------  -------------------
/opt/airflow/dags/pipeline.py                           1           0  0.19s           2025-05-28T12:53:12
================================================================================
[2025-05-28T12:53:57.920+0000] {manager.py:893} INFO - 
================================================================================
DAG File Processing Stats

File Path                      PID    Runtime      # DAGs    # Errors  Last Runtime    Last Run
-----------------------------  -----  ---------  --------  ----------  --------------  -------------------
/opt/airflow/dags/pipeline.py                           1           0  0.07s           2025-05-28T12:53:42
================================================================================
[2025-05-28T12:54:28.132+0000] {manager.py:893} INFO - 
================================================================================
DAG File Processing Stats

File Path                      PID    Runtime      # DAGs    # Errors  Last Runtime    Last Run
-----------------------------  -----  ---------  --------  ----------  --------------  -------------------
/opt/airflow/dags/pipeline.py                           1           0  0.07s           2025-05-28T12:54:13
================================================================================
[2025-05-28T12:54:58.374+0000] {manager.py:893} INFO - 
================================================================================
DAG File Processing Stats

File Path                      PID    Runtime      # DAGs    # Errors  Last Runtime    Last Run
-----------------------------  -----  ---------  --------  ----------  --------------  -------------------
/opt/airflow/dags/pipeline.py                           1           0  0.06s           2025-05-28T12:54:43
================================================================================
[2025-05-28T12:55:28.601+0000] {manager.py:893} INFO - 
================================================================================
DAG File Processing Stats

File Path                      PID    Runtime      # DAGs    # Errors  Last Runtime    Last Run
-----------------------------  -----  ---------  --------  ----------  --------------  -------------------
/opt/airflow/dags/pipeline.py                           1           0  0.09s           2025-05-28T12:55:13
================================================================================
[2025-05-28T12:55:58.846+0000] {manager.py:893} INFO - 
================================================================================
DAG File Processing Stats

File Path                      PID    Runtime      # DAGs    # Errors  Last Runtime    Last Run
-----------------------------  -----  ---------  --------  ----------  --------------  -------------------
/opt/airflow/dags/pipeline.py                           1           0  0.08s           2025-05-28T12:55:43
================================================================================
[2025-05-28T12:56:27.079+0000] {manager.py:759} INFO - Searching for files in /opt/airflow/dags
[2025-05-28T12:56:27.086+0000] {manager.py:762} INFO - There are 1 files in /opt/airflow/dags
[2025-05-28T12:56:29.122+0000] {manager.py:893} INFO - 
================================================================================
DAG File Processing Stats

File Path                      PID    Runtime      # DAGs    # Errors  Last Runtime    Last Run
-----------------------------  -----  ---------  --------  ----------  --------------  -------------------
/opt/airflow/dags/pipeline.py                           1           0  0.09s           2025-05-28T12:56:14
================================================================================
[2025-05-28T12:56:59.393+0000] {manager.py:893} INFO - 
================================================================================
DAG File Processing Stats

File Path                      PID    Runtime      # DAGs    # Errors  Last Runtime    Last Run
-----------------------------  -----  ---------  --------  ----------  --------------  -------------------
/opt/airflow/dags/pipeline.py                           1           0  0.07s           2025-05-28T12:56:44
================================================================================
[2025-05-28T12:57:29.658+0000] {manager.py:893} INFO - 
================================================================================
DAG File Processing Stats

File Path                      PID    Runtime      # DAGs    # Errors  Last Runtime    Last Run
-----------------------------  -----  ---------  --------  ----------  --------------  -------------------
/opt/airflow/dags/pipeline.py                           1           0  0.07s           2025-05-28T12:57:14
================================================================================
[2025-05-28T12:57:59.912+0000] {manager.py:893} INFO - 
================================================================================
DAG File Processing Stats

File Path                      PID    Runtime      # DAGs    # Errors  Last Runtime    Last Run
-----------------------------  -----  ---------  --------  ----------  --------------  -------------------
/opt/airflow/dags/pipeline.py                           1           0  0.09s           2025-05-28T12:57:44
================================================================================
[2025-05-28T12:58:30.165+0000] {manager.py:893} INFO - 
================================================================================
DAG File Processing Stats

File Path                      PID    Runtime      # DAGs    # Errors  Last Runtime    Last Run
-----------------------------  -----  ---------  --------  ----------  --------------  -------------------
/opt/airflow/dags/pipeline.py                           1           0  0.09s           2025-05-28T12:58:15
================================================================================
[2025-05-28T12:59:00.426+0000] {manager.py:893} INFO - 
================================================================================
DAG File Processing Stats

File Path                      PID    Runtime      # DAGs    # Errors  Last Runtime    Last Run
-----------------------------  -----  ---------  --------  ----------  --------------  -------------------
/opt/airflow/dags/pipeline.py                           1           0  0.07s           2025-05-28T12:58:45
================================================================================
[2025-05-28T12:59:30.693+0000] {manager.py:893} INFO - 
================================================================================
DAG File Processing Stats

File Path                      PID    Runtime      # DAGs    # Errors  Last Runtime    Last Run
-----------------------------  -----  ---------  --------  ----------  --------------  -------------------
/opt/airflow/dags/pipeline.py                           1           0  0.08s           2025-05-28T12:59:15
================================================================================
[2025-05-28T13:00:00.932+0000] {manager.py:893} INFO - 
================================================================================
DAG File Processing Stats

File Path                      PID    Runtime      # DAGs    # Errors  Last Runtime    Last Run
-----------------------------  -----  ---------  --------  ----------  --------------  -------------------
/opt/airflow/dags/pipeline.py                           1           0  0.08s           2025-05-28T12:59:45
================================================================================
[2025-05-28T13:00:31.165+0000] {manager.py:893} INFO - 
================================================================================
DAG File Processing Stats

File Path                      PID    Runtime      # DAGs    # Errors  Last Runtime    Last Run
-----------------------------  -----  ---------  --------  ----------  --------------  -------------------
/opt/airflow/dags/pipeline.py                           1           0  0.09s           2025-05-28T13:00:16
================================================================================
[2025-05-28T13:01:01.397+0000] {manager.py:893} INFO - 
================================================================================
DAG File Processing Stats

File Path                      PID    Runtime      # DAGs    # Errors  Last Runtime    Last Run
-----------------------------  -----  ---------  --------  ----------  --------------  -------------------
/opt/airflow/dags/pipeline.py                           1           0  0.07s           2025-05-28T13:00:46
================================================================================
[2025-05-28T13:01:27.620+0000] {manager.py:759} INFO - Searching for files in /opt/airflow/dags
[2025-05-28T13:01:27.629+0000] {manager.py:762} INFO - There are 1 files in /opt/airflow/dags
[2025-05-28T13:01:31.677+0000] {manager.py:893} INFO - 
================================================================================
DAG File Processing Stats

File Path                      PID    Runtime      # DAGs    # Errors  Last Runtime    Last Run
-----------------------------  -----  ---------  --------  ----------  --------------  -------------------
/opt/airflow/dags/pipeline.py                           1           0  0.07s           2025-05-28T13:01:16
================================================================================
[2025-05-28T13:02:01.928+0000] {manager.py:893} INFO - 
================================================================================
DAG File Processing Stats

File Path                      PID    Runtime      # DAGs    # Errors  Last Runtime    Last Run
-----------------------------  -----  ---------  --------  ----------  --------------  -------------------
/opt/airflow/dags/pipeline.py                           1           0  0.11s           2025-05-28T13:01:46
================================================================================
[2025-05-28T13:02:32.176+0000] {manager.py:893} INFO - 
================================================================================
DAG File Processing Stats

File Path                      PID    Runtime      # DAGs    # Errors  Last Runtime    Last Run
-----------------------------  -----  ---------  --------  ----------  --------------  -------------------
/opt/airflow/dags/pipeline.py                           1           0  0.11s           2025-05-28T13:02:17
================================================================================
[2025-05-28T13:03:02.449+0000] {manager.py:893} INFO - 
================================================================================
DAG File Processing Stats

File Path                      PID    Runtime      # DAGs    # Errors  Last Runtime    Last Run
-----------------------------  -----  ---------  --------  ----------  --------------  -------------------
/opt/airflow/dags/pipeline.py                           1           0  0.07s           2025-05-28T13:02:47
================================================================================
[2025-05-28T13:03:32.709+0000] {manager.py:893} INFO - 
================================================================================
DAG File Processing Stats

File Path                      PID    Runtime      # DAGs    # Errors  Last Runtime    Last Run
-----------------------------  -----  ---------  --------  ----------  --------------  -------------------
/opt/airflow/dags/pipeline.py                           1           0  0.12s           2025-05-28T13:03:17
================================================================================
[2025-05-28T13:04:02.996+0000] {manager.py:893} INFO - 
================================================================================
DAG File Processing Stats

File Path                      PID    Runtime      # DAGs    # Errors  Last Runtime    Last Run
-----------------------------  -----  ---------  --------  ----------  --------------  -------------------
/opt/airflow/dags/pipeline.py                           1           0  0.09s           2025-05-28T13:03:47
================================================================================
